Reading package lists...
Building dependency tree...
Reading state information...
Calculating upgrade...
The following packages were automatically installed and are no longer required:
  imagemagick-6.q16  libmagickcore-6.q16-7-extra  libmbedcrypto7t64
  libfmt9            libmagickcore-6.q16-7t64     libpaper1
  libjxl0.9          libmagickwand-6.q16-7t64     libqt5x11extras5
Use 'sudo apt autoremove' to remove them.

Summary:
  Upgrading: 0, Installing: 0, Removing: 0, Not Upgrading: 0
Hit:1 http://kali.download/kali kali-rolling InRelease
Reading package lists...
Building dependency tree...
Reading state information...
All packages are up to date.
This script ran on the Wed 15 Jan 23:11:02 GMT 2025
Reading package lists...
Building dependency tree...
Reading state information...
Calculating upgrade...
The following packages were automatically installed and are no longer required:
  imagemagick-6.q16  libmagickcore-6.q16-7-extra  libmbedcrypto7t64
  libfmt9            libmagickcore-6.q16-7t64     libpaper1
  libjxl0.9          libmagickwand-6.q16-7t64     libqt5x11extras5
Use 'sudo apt autoremove' to remove them.

Summary:
  Upgrading: 0, Installing: 0, Removing: 0, Not Upgrading: 0
Hit:1 http://kali.download/kali kali-rolling InRelease
Reading package lists...
Building dependency tree...
Reading state information...
All packages are up to date.
This script ran on the Wed 15 Jan 23:11:27 GMT 2025
Reading package lists...
Building dependency tree...
Reading state information...
Calculating upgrade...
The following packages were automatically installed and are no longer required:
  imagemagick-6.q16  libmagickcore-6.q16-7-extra  libmbedcrypto7t64
  libfmt9            libmagickcore-6.q16-7t64     libpaper1
  libjxl0.9          libmagickwand-6.q16-7t64     libqt5x11extras5
Use 'sudo apt autoremove' to remove them.

Summary:
  Upgrading: 0, Installing: 0, Removing: 0, Not Upgrading: 0
This script ran on the Wed 15 Jan 23:12:37 GMT 2025
Hit:1 http://kali.download/kali kali-rolling InRelease
Reading package lists...
Building dependency tree...
Reading state information...
All packages are up to date.
Reading package lists...
Building dependency tree...
Reading state information...
Calculating upgrade...
The following packages were automatically installed and are no longer required:
  imagemagick-6.q16  libmagickcore-6.q16-7-extra  libmbedcrypto7t64
  libfmt9            libmagickcore-6.q16-7t64     libpaper1
  libjxl0.9          libmagickwand-6.q16-7t64     libqt5x11extras5
Use 'sudo apt autoremove' to remove them.

Summary:
  Upgrading: 0, Installing: 0, Removing: 0, Not Upgrading: 0
